<?xml version="1.0" encoding="UTF-8"?>
<testsuite name="br.com.exemplo.TestingAStackDemo" tests="1" skipped="0" failures="0" errors="0" timestamp="2018-12-18T00:42:18" hostname="MacBook-Pro-de-AGES3.local" time="0.001">
  <properties/>
  <testcase name="isInstantiatedWithNew()" classname="br.com.exemplo.TestingAStackDemo" time="0.001"/>
  <system-out><![CDATA[]]></system-out>
  <system-err><![CDATA[]]></system-err>
</testsuite>
