<?xml version="1.0" encoding="UTF-8"?>
<testsuite name="br.com.exemplo.TestInfoDemo" tests="2" skipped="0" failures="0" errors="0" timestamp="2018-12-18T00:42:18" hostname="MacBook-Pro-de-AGES3.local" time="0.002">
  <properties/>
  <testcase name="test1(TestInfo)" classname="br.com.exemplo.TestInfoDemo" time="0.001"/>
  <testcase name="test2()" classname="br.com.exemplo.TestInfoDemo" time="0.0"/>
  <system-out><![CDATA[]]></system-out>
  <system-err><![CDATA[]]></system-err>
</testsuite>
